Copyright 1986-2019 Xilinx, Inc. All Rights Reserved.
-----------------------------------------------------------------------------------------------------------
| Tool Version : Vivado v.2019.2 (win64) Build 2708876 Wed Nov  6 21:40:23 MST 2019
<<<<<<< HEAD
| Date         : Tue Dec 23 01:20:19 2025
| Host         : R328-40 running 64-bit major release  (build 9200)
=======
| Date         : Tue Dec 23 02:33:06 2025
| Host         : LAPTOP-9C9D7G8P running 64-bit major release  (build 9200)
>>>>>>> ac72c90 (Added movement)
| Command      : report_utilization -file dino_top_utilization_synth.rpt -pb dino_top_utilization_synth.pb
| Design       : dino_top
| Device       : 7a35tcpg236-1
| Design State : Synthesized
-----------------------------------------------------------------------------------------------------------

Utilization Design Information

Table of Contents
-----------------
1. Slice Logic
1.1 Summary of Registers by Type
2. Memory
3. DSP
4. IO and GT Specific
5. Clocking
6. Specific Feature
7. Primitives
8. Black Boxes
9. Instantiated Netlists

1. Slice Logic
--------------

+-------------------------+------+-------+-----------+-------+
|        Site Type        | Used | Fixed | Available | Util% |
+-------------------------+------+-------+-----------+-------+
<<<<<<< HEAD
| Slice LUTs*             | 4480 |     0 |     20800 | 21.54 |
|   LUT as Logic          | 4480 |     0 |     20800 | 21.54 |
|   LUT as Memory         |    0 |     0 |      9600 |  0.00 |
| Slice Registers         | 1124 |     0 |     41600 |  2.70 |
|   Register as Flip Flop | 1124 |     0 |     41600 |  2.70 |
=======
| Slice LUTs*             | 4551 |     0 |     20800 | 21.88 |
|   LUT as Logic          | 4551 |     0 |     20800 | 21.88 |
|   LUT as Memory         |    0 |     0 |      9600 |  0.00 |
| Slice Registers         | 1133 |     0 |     41600 |  2.72 |
|   Register as Flip Flop | 1133 |     0 |     41600 |  2.72 |
>>>>>>> ac72c90 (Added movement)
|   Register as Latch     |    0 |     0 |     41600 |  0.00 |
| F7 Muxes                |    4 |     0 |     16300 |  0.02 |
| F8 Muxes                |    1 |     0 |      8150 |  0.01 |
+-------------------------+------+-------+-----------+-------+
* Warning! The Final LUT count, after physical optimizations and full implementation, is typically lower. Run opt_design after synthesis, if not already completed, for a more realistic count.


1.1 Summary of Registers by Type
--------------------------------

+-------+--------------+-------------+--------------+
| Total | Clock Enable | Synchronous | Asynchronous |
+-------+--------------+-------------+--------------+
| 0     |            _ |           - |            - |
| 0     |            _ |           - |          Set |
| 0     |            _ |           - |        Reset |
| 0     |            _ |         Set |            - |
| 0     |            _ |       Reset |            - |
| 0     |          Yes |           - |            - |
<<<<<<< HEAD
| 38    |          Yes |           - |          Set |
| 950   |          Yes |           - |        Reset |
=======
| 40    |          Yes |           - |          Set |
| 957   |          Yes |           - |        Reset |
>>>>>>> ac72c90 (Added movement)
| 1     |          Yes |         Set |            - |
| 135   |          Yes |       Reset |            - |
+-------+--------------+-------------+--------------+


2. Memory
---------

+----------------+------+-------+-----------+-------+
|    Site Type   | Used | Fixed | Available | Util% |
+----------------+------+-------+-----------+-------+
| Block RAM Tile |    0 |     0 |        50 |  0.00 |
|   RAMB36/FIFO* |    0 |     0 |        50 |  0.00 |
|   RAMB18       |    0 |     0 |       100 |  0.00 |
+----------------+------+-------+-----------+-------+
* Note: Each Block RAM Tile only has one FIFO logic available and therefore can accommodate only one FIFO36E1 or one FIFO18E1. However, if a FIFO18E1 occupies a Block RAM Tile, that tile can still accommodate a RAMB18E1


3. DSP
------

+----------------+------+-------+-----------+-------+
|    Site Type   | Used | Fixed | Available | Util% |
+----------------+------+-------+-----------+-------+
| DSPs           |   21 |     0 |        90 | 23.33 |
|   DSP48E1 only |   21 |       |           |       |
+----------------+------+-------+-----------+-------+


4. IO and GT Specific
---------------------

+-----------------------------+------+-------+-----------+-------+
|          Site Type          | Used | Fixed | Available | Util% |
+-----------------------------+------+-------+-----------+-------+
| Bonded IOB                  |   54 |     0 |       106 | 50.94 |
| Bonded IPADs                |    0 |     0 |        10 |  0.00 |
| Bonded OPADs                |    0 |     0 |         4 |  0.00 |
| PHY_CONTROL                 |    0 |     0 |         5 |  0.00 |
| PHASER_REF                  |    0 |     0 |         5 |  0.00 |
| OUT_FIFO                    |    0 |     0 |        20 |  0.00 |
| IN_FIFO                     |    0 |     0 |        20 |  0.00 |
| IDELAYCTRL                  |    0 |     0 |         5 |  0.00 |
| IBUFDS                      |    0 |     0 |       104 |  0.00 |
| GTPE2_CHANNEL               |    0 |     0 |         2 |  0.00 |
| PHASER_OUT/PHASER_OUT_PHY   |    0 |     0 |        20 |  0.00 |
| PHASER_IN/PHASER_IN_PHY     |    0 |     0 |        20 |  0.00 |
| IDELAYE2/IDELAYE2_FINEDELAY |    0 |     0 |       250 |  0.00 |
| IBUFDS_GTE2                 |    0 |     0 |         2 |  0.00 |
| ILOGIC                      |    0 |     0 |       106 |  0.00 |
| OLOGIC                      |    0 |     0 |       106 |  0.00 |
+-----------------------------+------+-------+-----------+-------+


5. Clocking
-----------

+------------+------+-------+-----------+-------+
|  Site Type | Used | Fixed | Available | Util% |
+------------+------+-------+-----------+-------+
| BUFGCTRL   |    3 |     0 |        32 |  9.38 |
| BUFIO      |    0 |     0 |        20 |  0.00 |
| MMCME2_ADV |    0 |     0 |         5 |  0.00 |
| PLLE2_ADV  |    0 |     0 |         5 |  0.00 |
| BUFMRCE    |    0 |     0 |        10 |  0.00 |
| BUFHCE     |    0 |     0 |        72 |  0.00 |
| BUFR       |    0 |     0 |        20 |  0.00 |
+------------+------+-------+-----------+-------+


6. Specific Feature
-------------------

+-------------+------+-------+-----------+-------+
|  Site Type  | Used | Fixed | Available | Util% |
+-------------+------+-------+-----------+-------+
| BSCANE2     |    0 |     0 |         4 |  0.00 |
| CAPTUREE2   |    0 |     0 |         1 |  0.00 |
| DNA_PORT    |    0 |     0 |         1 |  0.00 |
| EFUSE_USR   |    0 |     0 |         1 |  0.00 |
| FRAME_ECCE2 |    0 |     0 |         1 |  0.00 |
| ICAPE2      |    0 |     0 |         2 |  0.00 |
| PCIE_2_1    |    0 |     0 |         1 |  0.00 |
| STARTUPE2   |    0 |     0 |         1 |  0.00 |
| XADC        |    0 |     0 |         1 |  0.00 |
+-------------+------+-------+-----------+-------+


7. Primitives
-------------

+----------+------+---------------------+
| Ref Name | Used | Functional Category |
+----------+------+---------------------+
<<<<<<< HEAD
| LUT4     | 1299 |                 LUT |
| LUT6     | 1197 |                 LUT |
| LUT2     | 1029 |                 LUT |
| FDCE     |  950 |        Flop & Latch |
| LUT3     |  874 |                 LUT |
| LUT5     |  753 |                 LUT |
| CARRY4   |  690 |          CarryLogic |
| LUT1     |  181 |                 LUT |
| FDRE     |  135 |        Flop & Latch |
| OBUF     |   46 |                  IO |
| FDPE     |   38 |        Flop & Latch |
=======
| LUT4     | 1426 |                 LUT |
| LUT6     | 1199 |                 LUT |
| LUT2     | 1011 |                 LUT |
| FDCE     |  957 |        Flop & Latch |
| LUT3     |  889 |                 LUT |
| LUT5     |  751 |                 LUT |
| CARRY4   |  685 |          CarryLogic |
| LUT1     |  182 |                 LUT |
| FDRE     |  135 |        Flop & Latch |
| OBUF     |   46 |                  IO |
| FDPE     |   40 |        Flop & Latch |
>>>>>>> ac72c90 (Added movement)
| DSP48E1  |   21 |    Block Arithmetic |
| IBUF     |    8 |                  IO |
| MUXF7    |    4 |               MuxFx |
| BUFG     |    3 |               Clock |
| OBUFT    |    2 |                  IO |
| MUXF8    |    1 |               MuxFx |
| FDSE     |    1 |        Flop & Latch |
+----------+------+---------------------+


8. Black Boxes
--------------

+---------------+------+
|    Ref Name   | Used |
+---------------+------+
| blk_mem_gen_0 |    1 |
+---------------+------+


9. Instantiated Netlists
------------------------

+----------+------+
| Ref Name | Used |
+----------+------+


