Copyright 1986-2019 Xilinx, Inc. All Rights Reserved.
-------------------------------------------------------------------------------------
| Tool Version : Vivado v.2019.2 (win64) Build 2708876 Wed Nov  6 21:40:23 MST 2019
<<<<<<< HEAD
| Date         : Tue Dec 23 01:21:17 2025
| Host         : R328-40 running 64-bit major release  (build 9200)
=======
| Date         : Tue Dec 23 02:35:10 2025
| Host         : LAPTOP-9C9D7G8P running 64-bit major release  (build 9200)
>>>>>>> ac72c90 (Added movement)
| Command      : report_control_sets -verbose -file dino_top_control_sets_placed.rpt
| Design       : dino_top
| Device       : xc7a35t
-------------------------------------------------------------------------------------

Control Set Information

Table of Contents
-----------------
1. Summary
2. Histogram
3. Flip-Flop Distribution
4. Detailed Control Set Information

1. Summary
----------

+----------------------------------------------------------+-------+
|                          Status                          | Count |
+----------------------------------------------------------+-------+
<<<<<<< HEAD
| Total control sets                                       |    47 |
|    Minimum number of control sets                        |    47 |
|    Addition due to synthesis replication                 |     0 |
|    Addition due to physical synthesis replication        |     0 |
| Unused register locations in slices containing registers |   160 |
=======
| Total control sets                                       |    48 |
|    Minimum number of control sets                        |    48 |
|    Addition due to synthesis replication                 |     0 |
|    Addition due to physical synthesis replication        |     0 |
| Unused register locations in slices containing registers |   167 |
>>>>>>> ac72c90 (Added movement)
+----------------------------------------------------------+-------+
* Control sets can be merged at opt_design using control_set_merge or merge_equivalent_drivers
** Run report_qor_suggestions for automated merging and remapping suggestions


2. Histogram
------------

+--------------------+-------+
|       Fanout       | Count |
+--------------------+-------+
<<<<<<< HEAD
| Total control sets |    47 |
| >= 0 to < 4        |     3 |
| >= 4 to < 6        |    13 |
| >= 6 to < 8        |     7 |
| >= 8 to < 10       |     4 |
=======
| Total control sets |    48 |
| >= 0 to < 4        |     3 |
| >= 4 to < 6        |    13 |
| >= 6 to < 8        |     7 |
| >= 8 to < 10       |     5 |
>>>>>>> ac72c90 (Added movement)
| >= 10 to < 12      |     5 |
| >= 12 to < 14      |     1 |
| >= 14 to < 16      |     3 |
| >= 16              |    11 |
+--------------------+-------+
* Control sets can be remapped at either synth_design or opt_design


3. Flip-Flop Distribution
-------------------------

+--------------+-----------------------+------------------------+-----------------+--------------+
| Clock Enable | Synchronous Set/Reset | Asynchronous Set/Reset | Total Registers | Total Slices |
+--------------+-----------------------+------------------------+-----------------+--------------+
<<<<<<< HEAD
| No           | No                    | No                     |              44 |           23 |
| No           | No                    | Yes                    |             214 |           77 |
| No           | Yes                   | No                     |              18 |            8 |
| Yes          | No                    | No                     |              14 |            6 |
| Yes          | No                    | Yes                    |             782 |          321 |
| Yes          | Yes                   | No                     |              72 |           21 |
=======
| No           | No                    | No                     |              44 |           21 |
| No           | No                    | Yes                    |             214 |           78 |
| No           | Yes                   | No                     |              18 |           11 |
| Yes          | No                    | No                     |              14 |            8 |
| Yes          | No                    | Yes                    |             791 |          336 |
| Yes          | Yes                   | No                     |              72 |           25 |
>>>>>>> ac72c90 (Added movement)
+--------------+-----------------------+------------------------+-----------------+--------------+


4. Detailed Control Set Information
-----------------------------------

+-----------------------------------+---------------------------------------------------+-----------------------------------+------------------+----------------+
|            Clock Signal           |                   Enable Signal                   |          Set/Reset Signal         | Slice Load Count | Bel Load Count |
+-----------------------------------+---------------------------------------------------+-----------------------------------+------------------+----------------+
<<<<<<< HEAD
|  clk_IBUF_BUFG                    | kbd_decoder/inst/Ps2Interface_i/ps2_clk_s1        | rst_IBUF                          |                1 |              1 |
|  clk_IBUF_BUFG                    | kbd_decoder/inst/Ps2Interface_i/ps2_data_s1       | rst_IBUF                          |                1 |              1 |
|  clk1M                            |                                                   | rst_IBUF                          |                1 |              1 |
|  clk_IBUF_BUFG                    | kbd_decoder/inst/Ps2Interface_i/bits_count        | rst_IBUF                          |                1 |              4 |
|  pclk_BUFG                        | game_inst/score_thou[3]_i_1_n_0                   | rst_IBUF                          |                2 |              4 |
|  clk_IBUF_BUFG                    | game_inst/E[0]                                    | rst_IBUF                          |                2 |              4 |
|  clk_IBUF_BUFG                    | game_inst/vsync_i_reg[0]                          | rst_IBUF                          |                1 |              4 |
|  clk_IBUF_BUFG                    | game_inst/sec_ones_reg[2][0]                      | rst_IBUF                          |                1 |              4 |
|  clk_IBUF_BUFG                    | game_inst/min_ones_reg[3][0]                      | rst_IBUF                          |                1 |              4 |
|  pclk_BUFG                        | game_inst/score_hund[3]_i_1_n_0                   | rst_IBUF                          |                2 |              4 |
|  pclk_BUFG                        | game_inst/score_tens[3]_i_1_n_0                   | rst_IBUF                          |                2 |              4 |
|  clk1M                            |                                                   |                                   |                2 |              4 |
|  sc/out[1]                        |                                                   | rst_IBUF                          |                2 |              5 |
|  pclk_BUFG                        | game_inst/player_name[0][4]_i_1_n_0               | rst_IBUF                          |                2 |              5 |
|  pclk_BUFG                        | game_inst/player_name[1][4]_i_1_n_0               | rst_IBUF                          |                2 |              5 |
|  pclk_BUFG                        | game_inst/player_name[2][4]_i_1_n_0               | rst_IBUF                          |                2 |              5 |
|  clk_IBUF_BUFG                    | tone_freq[20]_i_1_n_0                             | rst_IBUF                          |                3 |              6 |
|  clk_IBUF_BUFG                    | game_inst/state_reg[0]_1                          | rst_IBUF                          |                2 |              6 |
|  pclk_BUFG                        | vga_inst/vsync_i_reg_0[0]                         | rst_IBUF                          |                1 |              6 |
|  display_inst/clk_divider_reg[15] |                                                   | rst_IBUF                          |                2 |              7 |
|  pclk_BUFG                        | game_inst/dino_y180_out                           | rst_IBUF                          |                3 |              7 |
|  clk_IBUF_BUFG                    | B/clk1/cnt[6]_i_1_n_0                             |                                   |                2 |              7 |
|  pclk_BUFG                        | game_inst/jumped32_out                            |                                   |                4 |              7 |
|  clk_IBUF_BUFG                    | kbd_decoder/inst/Ps2Interface_i/rx_valid          | rst_IBUF                          |                2 |              8 |
|  clk_IBUF_BUFG                    | kbd_decoder/inst/Ps2Interface_i/rx_finish         | rst_IBUF                          |                2 |              8 |
|  pclk_BUFG                        | game_inst/drop_x[9]_i_1_n_0                       | rst_IBUF                          |                3 |              9 |
|  pclk_BUFG                        | game_inst/drop_obs_y                              | rst_IBUF                          |                3 |              9 |
|  pclk_BUFG                        | game_inst/dino_vel[9]_i_1_n_0                     | rst_IBUF                          |                5 |             10 |
|  pclk_BUFG                        | vga_inst/line_cnt                                 | vga_inst/line_cnt[9]_i_1_n_0      |                3 |             10 |
|  pclk_BUFG                        | game_inst/jumped32_out                            | game_inst/cactus_x[2][12]_i_1_n_0 |                4 |             11 |
|  pclk_BUFG                        | game_inst/jumped32_out                            | game_inst/cactus_x[1][12]_i_1_n_0 |                4 |             11 |
|  clk_IBUF_BUFG                    | kbd_decoder/inst/Ps2Interface_i/frame[10]_i_1_n_0 | rst_IBUF                          |                3 |             11 |
|  pclk_BUFG                        | game_inst/drop_obs_x                              | rst_IBUF                          |                3 |             13 |
|  pclk_BUFG                        | game_inst/score_ones                              | rst_IBUF                          |                5 |             14 |
|  pclk_BUFG                        |                                                   |                                   |                8 |             14 |
|  clk_IBUF_BUFG                    | kbd_decoder/inst/key                              | rst_IBUF                          |                3 |             14 |
|  pclk_BUFG                        |                                                   | vga_inst/pixel_cnt[9]_i_1_n_0     |                6 |             16 |
|  pclk_BUFG                        | game_inst/next_spawn_offset                       | rst_IBUF                          |               10 |             19 |
|  clk1M                            | B/u2/count                                        | rst_IBUF                          |                3 |             20 |
|  clk1M                            | B/u2/distance_register_0                          | rst_IBUF                          |                7 |             20 |
|  pclk_BUFG                        | game_inst/cactus_x[0][12]_i_1_n_0                 | rst_IBUF                          |                7 |             23 |
|  pclk_BUFG                        | game_inst/hs_thou                                 | rst_IBUF                          |               11 |             26 |
|  clk_IBUF_BUFG                    |                                                   |                                   |               13 |             26 |
|  clk_IBUF_BUFG                    | tone_counter[31]_i_1_n_0                          | rst_IBUF                          |                7 |             32 |
|  pclk_BUFG                        |                                                   | rst_IBUF                          |               20 |             40 |
|  clk_IBUF_BUFG                    |                                                   | rst_IBUF                          |               54 |            163 |
|  clk_IBUF_BUFG                    | kbd_decoder/op/E[0]                               | rst_IBUF                          |              228 |            512 |
=======
|  clk_IBUF_BUFG                    | kbd_decoder/inst/Ps2Interface_i/ps2_data_s1       | rst_IBUF                          |                1 |              1 |
|  clk_IBUF_BUFG                    | kbd_decoder/inst/Ps2Interface_i/ps2_clk_s1        | rst_IBUF                          |                1 |              1 |
|  clk1M                            |                                                   | rst_IBUF                          |                1 |              1 |
|  pclk_BUFG                        | game_inst/score_tens[3]_i_1_n_0                   | rst_IBUF                          |                2 |              4 |
|  pclk_BUFG                        | game_inst/score_thou[3]_i_1_n_0                   | rst_IBUF                          |                2 |              4 |
|  pclk_BUFG                        | game_inst/score_hund[3]_i_1_n_0                   | rst_IBUF                          |                2 |              4 |
|  clk_IBUF_BUFG                    | kbd_decoder/inst/Ps2Interface_i/bits_count        | rst_IBUF                          |                2 |              4 |
|  clk_IBUF_BUFG                    | game_inst/E[0]                                    | rst_IBUF                          |                1 |              4 |
|  clk_IBUF_BUFG                    | game_inst/min_ones_reg[3][0]                      | rst_IBUF                          |                2 |              4 |
|  clk_IBUF_BUFG                    | game_inst/sec_ones_reg[2][0]                      | rst_IBUF                          |                1 |              4 |
|  clk_IBUF_BUFG                    | game_inst/vsync_i_reg[0]                          | rst_IBUF                          |                1 |              4 |
|  clk1M                            |                                                   |                                   |                2 |              4 |
|  sc/out[1]                        |                                                   | rst_IBUF                          |                2 |              5 |
|  pclk_BUFG                        | game_inst/player_name[0][4]_i_1_n_0               | rst_IBUF                          |                3 |              5 |
|  pclk_BUFG                        | game_inst/player_name[1][4]_i_1_n_0               | rst_IBUF                          |                2 |              5 |
|  pclk_BUFG                        | game_inst/player_name[2][4]_i_1_n_0               | rst_IBUF                          |                2 |              5 |
|  clk_IBUF_BUFG                    | game_inst/state_reg[0]_2                          | rst_IBUF                          |                2 |              6 |
|  pclk_BUFG                        | vga_inst/vsync_i_reg_0[0]                         | rst_IBUF                          |                1 |              6 |
|  clk_IBUF_BUFG                    | tone_freq[20]_i_1_n_0                             | rst_IBUF                          |                3 |              6 |
|  clk_IBUF_BUFG                    | B/clk1/cnt[6]_i_1_n_0                             |                                   |                3 |              7 |
|  display_inst/clk_divider_reg[15] |                                                   | rst_IBUF                          |                2 |              7 |
|  pclk_BUFG                        | game_inst/dino_y183_out                           | rst_IBUF                          |                3 |              7 |
|  pclk_BUFG                        | game_inst/jumped32_out                            |                                   |                5 |              7 |
|  clk_IBUF_BUFG                    | kbd_decoder/inst/Ps2Interface_i/rx_valid          | rst_IBUF                          |                2 |              8 |
|  clk_IBUF_BUFG                    | kbd_decoder/inst/Ps2Interface_i/rx_finish         | rst_IBUF                          |                2 |              8 |
|  pclk_BUFG                        | game_inst/dino_x[9]_i_1_n_0                       | rst_IBUF                          |                3 |              9 |
|  pclk_BUFG                        | game_inst/drop_obs_y                              | rst_IBUF                          |                3 |              9 |
|  pclk_BUFG                        | game_inst/drop_x[9]_i_1_n_0                       | rst_IBUF                          |                3 |              9 |
|  pclk_BUFG                        | game_inst/dino_vel[9]_i_1_n_0                     | rst_IBUF                          |                4 |             10 |
|  pclk_BUFG                        | vga_inst/line_cnt                                 | vga_inst/line_cnt[9]_i_1_n_0      |                4 |             10 |
|  pclk_BUFG                        | game_inst/jumped32_out                            | game_inst/cactus_x[1][12]_i_1_n_0 |                4 |             11 |
|  clk_IBUF_BUFG                    | kbd_decoder/inst/Ps2Interface_i/frame[10]_i_1_n_0 | rst_IBUF                          |                3 |             11 |
|  pclk_BUFG                        | game_inst/jumped32_out                            | game_inst/cactus_x[2][12]_i_1_n_0 |                4 |             11 |
|  pclk_BUFG                        | game_inst/drop_obs_x                              | rst_IBUF                          |                5 |             13 |
|  clk_IBUF_BUFG                    | kbd_decoder/inst/key                              | rst_IBUF                          |                3 |             14 |
|  pclk_BUFG                        |                                                   |                                   |                7 |             14 |
|  pclk_BUFG                        | game_inst/score_ones                              | rst_IBUF                          |                6 |             14 |
|  pclk_BUFG                        |                                                   | vga_inst/pixel_cnt[9]_i_1_n_0     |                9 |             16 |
|  pclk_BUFG                        | game_inst/next_spawn_offset                       | rst_IBUF                          |                8 |             19 |
|  clk1M                            | B/u2/count                                        | rst_IBUF                          |                5 |             20 |
|  clk1M                            | B/u2/distance_register_0                          | rst_IBUF                          |                8 |             20 |
|  pclk_BUFG                        | game_inst/cactus_x[0][12]_i_1_n_0                 | rst_IBUF                          |                7 |             23 |
|  clk_IBUF_BUFG                    |                                                   |                                   |               12 |             26 |
|  pclk_BUFG                        | game_inst/hs_thou                                 | rst_IBUF                          |               11 |             26 |
|  clk_IBUF_BUFG                    | tone_counter[31]_i_1_n_0                          | rst_IBUF                          |                8 |             32 |
|  pclk_BUFG                        |                                                   | rst_IBUF                          |               19 |             40 |
|  clk_IBUF_BUFG                    |                                                   | rst_IBUF                          |               56 |            163 |
|  clk_IBUF_BUFG                    | kbd_decoder/op/E[0]                               | rst_IBUF                          |              237 |            512 |
>>>>>>> ac72c90 (Added movement)
+-----------------------------------+---------------------------------------------------+-----------------------------------+------------------+----------------+


