#-----------------------------------------------------------
# Vivado v2019.2 (64-bit)
# SW Build 2708876 on Wed Nov  6 21:40:23 MST 2019
# IP Build 2700528 on Thu Nov  7 00:09:20 MST 2019
# Start of session at: Fri Dec 12 23:28:30 2025
# Process ID: 20084
# Current directory: C:/Users/jaylu/Desktop/Ethan/HardwareDesign_finalproject/Hardware_Design_Lab_Final_Project/Final_Project
# Command line: vivado.exe -gui_launcher_event rodinguilauncherevent17600 C:\Users\jaylu\Desktop\Ethan\HardwareDesign_finalproject\Hardware_Design_Lab_Final_Project\Final_Project\Final_Project.xpr
# Log file: C:/Users/jaylu/Desktop/Ethan/HardwareDesign_finalproject/Hardware_Design_Lab_Final_Project/Final_Project/vivado.log
# Journal file: C:/Users/jaylu/Desktop/Ethan/HardwareDesign_finalproject/Hardware_Design_Lab_Final_Project/Final_Project\vivado.jou
#-----------------------------------------------------------
start_gui
open_project C:/Users/jaylu/Desktop/Ethan/HardwareDesign_finalproject/Hardware_Design_Lab_Final_Project/Final_Project/Final_Project.xpr
INFO: [ProjectBase 1-489] The host OS only allows 260 characters in a normal path. The project is stored in a path with more than 80 characters. If you experience issues with IP, Block Designs, or files not being found, please consider moving the project to a location with a shorter path. Alternately consider using the OS subst command to map part of the path to a drive letter.
Current project path is 'C:/Users/jaylu/Desktop/Ethan/HardwareDesign_finalproject/Hardware_Design_Lab_Final_Project/Final_Project'
INFO: [Project 1-313] Project file moved from 'C:/Users/USER/Desktop/3-1/Hardware_Design_Lab/Final_Project/Final_Project' since last save.
Scanning sources...
Finished scanning sources
WARNING: [filemgmt 56-2] IPUserFilesDir: Could not find the directory 'C:/Users/jaylu/Desktop/Ethan/HardwareDesign_finalproject/Hardware_Design_Lab_Final_Project/Final_Project/Final_Project.ip_user_files', nor could it be found using path 'C:/Users/USER/Desktop/3-1/Hardware_Design_Lab/Final_Project/Final_Project/Final_Project.ip_user_files'.
INFO: [IP_Flow 19-234] Refreshing IP repositories
INFO: [IP_Flow 19-1704] No user IP repositories specified
INFO: [IP_Flow 19-2313] Loaded Vivado IP repository 'E:/vivado/Vivado/2019.2/data/ip'.
open_project: Time (s): cpu = 00:00:08 ; elapsed = 00:00:08 . Memory (MB): peak = 689.891 ; gain = 92.125
update_compile_order -fileset sources_1
reset_run synth_1
launch_runs impl_1 -to_step write_bitstream -jobs 12
[Fri Dec 12 23:29:52 2025] Launched synth_1...
Run output will be captured here: C:/Users/jaylu/Desktop/Ethan/HardwareDesign_finalproject/Hardware_Design_Lab_Final_Project/Final_Project/Final_Project.runs/synth_1/runme.log
[Fri Dec 12 23:29:52 2025] Launched impl_1...
Run output will be captured here: C:/Users/jaylu/Desktop/Ethan/HardwareDesign_finalproject/Hardware_Design_Lab_Final_Project/Final_Project/Final_Project.runs/impl_1/runme.log
report_ports -verbose
invalid command name "report_ports"
reset_run synth_1
launch_runs impl_1 -to_step write_bitstream -jobs 12
[Fri Dec 12 23:45:22 2025] Launched synth_1...
Run output will be captured here: C:/Users/jaylu/Desktop/Ethan/HardwareDesign_finalproject/Hardware_Design_Lab_Final_Project/Final_Project/Final_Project.runs/synth_1/runme.log
[Fri Dec 12 23:45:22 2025] Launched impl_1...
Run output will be captured here: C:/Users/jaylu/Desktop/Ethan/HardwareDesign_finalproject/Hardware_Design_Lab_Final_Project/Final_Project/Final_Project.runs/impl_1/runme.log
open_hw_manager
connect_hw_server -allow_non_jtag
INFO: [Labtools 27-2285] Connecting to hw_server url TCP:localhost:3121
INFO: [Labtools 27-2222] Launching hw_server...
INFO: [Labtools 27-2221] Launch Output:

****** Xilinx hw_server v2019.2
  **** Build date : Nov  6 2019 at 22:12:23
    ** Copyright 1986-2019 Xilinx, Inc. All Rights Reserved.


INFO: [Labtools 27-3415] Connecting to cs_server url TCP:localhost:3042
INFO: [Labtools 27-3417] Launching cs_server...
INFO: [Labtools 27-2221] Launch Output:


****** Xilinx cs_server v2019.2.0
  **** Build date : Nov 07 2019-13:28:22
    ** Copyright 2017-2019 Xilinx, Inc. All Rights Reserved.



connect_hw_server: Time (s): cpu = 00:00:00 ; elapsed = 00:00:08 . Memory (MB): peak = 2040.363 ; gain = 0.000
open_hw_target
INFO: [Labtoolstcl 44-466] Opening hw_target localhost:3121/xilinx_tcf/Digilent/210183A6F6E6A
set_property PROGRAM.FILE {C:/Users/jaylu/Desktop/Ethan/HardwareDesign_finalproject/Hardware_Design_Lab_Final_Project/Final_Project/Final_Project.runs/impl_1/dino_top.bit} [get_hw_devices xc7a35t_0]
current_hw_device [get_hw_devices xc7a35t_0]
refresh_hw_device -update_hw_probes false [lindex [get_hw_devices xc7a35t_0] 0]
INFO: [Labtools 27-1435] Device xc7a35t (JTAG device index = 0) is not programmed (DONE status = 0).
set_property PROBES.FILE {} [get_hw_devices xc7a35t_0]
set_property FULL_PROBES.FILE {} [get_hw_devices xc7a35t_0]
set_property PROGRAM.FILE {C:/Users/jaylu/Desktop/Ethan/HardwareDesign_finalproject/Hardware_Design_Lab_Final_Project/Final_Project/Final_Project.runs/impl_1/dino_top.bit} [get_hw_devices xc7a35t_0]
program_hw_devices [get_hw_devices xc7a35t_0]
INFO: [Labtools 27-3164] End of startup status: HIGH
refresh_hw_device [lindex [get_hw_devices xc7a35t_0] 0]
INFO: [Labtools 27-1434] Device xc7a35t (JTAG device index = 0) is programmed with a design that has no supported debug core(s) in it.
ERROR: [Labtoolstcl 44-513] HW Target shutdown. Closing target: localhost:3121/xilinx_tcf/Digilent/210183A6F6E6A
disconnect_hw_server localhost:3121
connect_hw_server -allow_non_jtag
INFO: [Labtools 27-2285] Connecting to hw_server url TCP:localhost:3121
INFO: [Labtools 27-3415] Connecting to cs_server url TCP:localhost:3042
INFO: [Labtools 27-3414] Connected to existing cs_server.
ERROR: [Labtoolstcl 44-494] There is no active target available for server at localhost.
 Targets(s) ", jsn-Basys3-210183A6F6E6A" may be locked by another hw_server.
disconnect_hw_server localhost:3121
connect_hw_server -allow_non_jtag
INFO: [Labtools 27-2285] Connecting to hw_server url TCP:localhost:3121
INFO: [Labtools 27-3415] Connecting to cs_server url TCP:localhost:3042
INFO: [Labtools 27-3414] Connected to existing cs_server.
open_hw_target
INFO: [Labtoolstcl 44-466] Opening hw_target localhost:3121/xilinx_tcf/Digilent/210183A6F6E6A
set_property PROGRAM.FILE {C:/Users/jaylu/Desktop/Ethan/HardwareDesign_finalproject/Hardware_Design_Lab_Final_Project/Final_Project/Final_Project.runs/impl_1/dino_top.bit} [get_hw_devices xc7a35t_0]
current_hw_device [get_hw_devices xc7a35t_0]
refresh_hw_device -update_hw_probes false [lindex [get_hw_devices xc7a35t_0] 0]
INFO: [Labtools 27-1435] Device xc7a35t (JTAG device index = 0) is not programmed (DONE status = 0).
set_property PROBES.FILE {} [get_hw_devices xc7a35t_0]
set_property FULL_PROBES.FILE {} [get_hw_devices xc7a35t_0]
set_property PROGRAM.FILE {C:/Users/jaylu/Desktop/Ethan/HardwareDesign_finalproject/Hardware_Design_Lab_Final_Project/Final_Project/Final_Project.runs/impl_1/dino_top.bit} [get_hw_devices xc7a35t_0]
program_hw_devices [get_hw_devices xc7a35t_0]
INFO: [Labtools 27-3164] End of startup status: HIGH
refresh_hw_device [lindex [get_hw_devices xc7a35t_0] 0]
INFO: [Labtools 27-1434] Device xc7a35t (JTAG device index = 0) is programmed with a design that has no supported debug core(s) in it.
ERROR: [Labtoolstcl 44-513] HW Target shutdown. Closing target: localhost:3121/xilinx_tcf/Digilent/210183A6F6E6A
reset_run synth_1
launch_runs impl_1 -to_step write_bitstream -jobs 12
[Sat Dec 13 00:12:22 2025] Launched synth_1...
Run output will be captured here: C:/Users/jaylu/Desktop/Ethan/HardwareDesign_finalproject/Hardware_Design_Lab_Final_Project/Final_Project/Final_Project.runs/synth_1/runme.log
[Sat Dec 13 00:12:22 2025] Launched impl_1...
Run output will be captured here: C:/Users/jaylu/Desktop/Ethan/HardwareDesign_finalproject/Hardware_Design_Lab_Final_Project/Final_Project/Final_Project.runs/impl_1/runme.log
INFO: [Labtoolstcl 44-466] Opening hw_target localhost:3121/xilinx_tcf/Digilent/210183A6F6E6A
INFO: [Labtools 27-1435] Device xc7a35t (JTAG device index = 0) is not programmed (DONE status = 0).
WARNING: [Labtoolstcl 44-129] No matching hw_ila_data was found.
set_property PROBES.FILE {} [get_hw_devices xc7a35t_0]
set_property FULL_PROBES.FILE {} [get_hw_devices xc7a35t_0]
set_property PROGRAM.FILE {C:/Users/jaylu/Desktop/Ethan/HardwareDesign_finalproject/Hardware_Design_Lab_Final_Project/Final_Project/Final_Project.runs/impl_1/dino_top.bit} [get_hw_devices xc7a35t_0]
program_hw_devices [get_hw_devices xc7a35t_0]
INFO: [Labtools 27-3164] End of startup status: HIGH
refresh_hw_device [lindex [get_hw_devices xc7a35t_0] 0]
INFO: [Labtools 27-1434] Device xc7a35t (JTAG device index = 0) is programmed with a design that has no supported debug core(s) in it.
ERROR: [Labtoolstcl 44-513] HW Target shutdown. Closing target: localhost:3121/xilinx_tcf/Digilent/210183A6F6E6A
reset_run synth_1
launch_runs impl_1 -to_step write_bitstream -jobs 12
[Sat Dec 13 00:21:00 2025] Launched synth_1...
Run output will be captured here: C:/Users/jaylu/Desktop/Ethan/HardwareDesign_finalproject/Hardware_Design_Lab_Final_Project/Final_Project/Final_Project.runs/synth_1/runme.log
[Sat Dec 13 00:21:00 2025] Launched impl_1...
Run output will be captured here: C:/Users/jaylu/Desktop/Ethan/HardwareDesign_finalproject/Hardware_Design_Lab_Final_Project/Final_Project/Final_Project.runs/impl_1/runme.log
INFO: [Labtoolstcl 44-466] Opening hw_target localhost:3121/xilinx_tcf/Digilent/210183A6F6E6A
INFO: [Labtools 27-1435] Device xc7a35t (JTAG device index = 0) is not programmed (DONE status = 0).
WARNING: [Labtoolstcl 44-129] No matching hw_ila_data was found.
set_property PROBES.FILE {} [get_hw_devices xc7a35t_0]
set_property FULL_PROBES.FILE {} [get_hw_devices xc7a35t_0]
set_property PROGRAM.FILE {C:/Users/jaylu/Desktop/Ethan/HardwareDesign_finalproject/Hardware_Design_Lab_Final_Project/Final_Project/Final_Project.runs/impl_1/dino_top.bit} [get_hw_devices xc7a35t_0]
program_hw_devices [get_hw_devices xc7a35t_0]
INFO: [Labtools 27-3164] End of startup status: HIGH
refresh_hw_device [lindex [get_hw_devices xc7a35t_0] 0]
INFO: [Labtools 27-1434] Device xc7a35t (JTAG device index = 0) is programmed with a design that has no supported debug core(s) in it.
reset_run synth_1
launch_runs impl_1 -to_step write_bitstream -jobs 12
[Sat Dec 13 00:26:25 2025] Launched synth_1...
Run output will be captured here: C:/Users/jaylu/Desktop/Ethan/HardwareDesign_finalproject/Hardware_Design_Lab_Final_Project/Final_Project/Final_Project.runs/synth_1/runme.log
[Sat Dec 13 00:26:25 2025] Launched impl_1...
Run output will be captured here: C:/Users/jaylu/Desktop/Ethan/HardwareDesign_finalproject/Hardware_Design_Lab_Final_Project/Final_Project/Final_Project.runs/impl_1/runme.log
reset_run synth_1
launch_runs impl_1 -to_step write_bitstream -jobs 12
[Sat Dec 13 00:27:20 2025] Launched synth_1...
Run output will be captured here: C:/Users/jaylu/Desktop/Ethan/HardwareDesign_finalproject/Hardware_Design_Lab_Final_Project/Final_Project/Final_Project.runs/synth_1/runme.log
[Sat Dec 13 00:27:20 2025] Launched impl_1...
Run output will be captured here: C:/Users/jaylu/Desktop/Ethan/HardwareDesign_finalproject/Hardware_Design_Lab_Final_Project/Final_Project/Final_Project.runs/impl_1/runme.log
set_property PROBES.FILE {} [get_hw_devices xc7a35t_0]
set_property FULL_PROBES.FILE {} [get_hw_devices xc7a35t_0]
set_property PROGRAM.FILE {C:/Users/jaylu/Desktop/Ethan/HardwareDesign_finalproject/Hardware_Design_Lab_Final_Project/Final_Project/Final_Project.runs/impl_1/dino_top.bit} [get_hw_devices xc7a35t_0]
program_hw_devices [get_hw_devices xc7a35t_0]
INFO: [Labtools 27-3164] End of startup status: HIGH
refresh_hw_device [lindex [get_hw_devices xc7a35t_0] 0]
INFO: [Labtools 27-1434] Device xc7a35t (JTAG device index = 0) is programmed with a design that has no supported debug core(s) in it.
set_property PROBES.FILE {} [get_hw_devices xc7a35t_0]
set_property FULL_PROBES.FILE {} [get_hw_devices xc7a35t_0]
set_property PROGRAM.FILE {C:/Users/jaylu/Desktop/Ethan/HardwareDesign_finalproject/Hardware_Design_Lab_Final_Project/Final_Project/Final_Project.runs/impl_1/dino_top.bit} [get_hw_devices xc7a35t_0]
program_hw_devices [get_hw_devices xc7a35t_0]
INFO: [Labtools 27-3164] End of startup status: HIGH
refresh_hw_device [lindex [get_hw_devices xc7a35t_0] 0]
INFO: [Labtools 27-1434] Device xc7a35t (JTAG device index = 0) is programmed with a design that has no supported debug core(s) in it.
reset_run synth_1
launch_runs impl_1 -to_step write_bitstream -jobs 12
[Sat Dec 13 00:42:37 2025] Launched synth_1...
Run output will be captured here: C:/Users/jaylu/Desktop/Ethan/HardwareDesign_finalproject/Hardware_Design_Lab_Final_Project/Final_Project/Final_Project.runs/synth_1/runme.log
[Sat Dec 13 00:42:37 2025] Launched impl_1...
Run output will be captured here: C:/Users/jaylu/Desktop/Ethan/HardwareDesign_finalproject/Hardware_Design_Lab_Final_Project/Final_Project/Final_Project.runs/impl_1/runme.log
set_property PROBES.FILE {} [get_hw_devices xc7a35t_0]
set_property FULL_PROBES.FILE {} [get_hw_devices xc7a35t_0]
set_property PROGRAM.FILE {C:/Users/jaylu/Desktop/Ethan/HardwareDesign_finalproject/Hardware_Design_Lab_Final_Project/Final_Project/Final_Project.runs/impl_1/dino_top.bit} [get_hw_devices xc7a35t_0]
program_hw_devices [get_hw_devices xc7a35t_0]
INFO: [Labtools 27-3164] End of startup status: HIGH
refresh_hw_device [lindex [get_hw_devices xc7a35t_0] 0]
INFO: [Labtools 27-1434] Device xc7a35t (JTAG device index = 0) is programmed with a design that has no supported debug core(s) in it.
ERROR: [Labtoolstcl 44-513] HW Target shutdown. Closing target: localhost:3121/xilinx_tcf/Digilent/210183A6F6E6A
exit
INFO: [Common 17-206] Exiting Vivado at Sat Dec 13 01:46:15 2025...
