#-----------------------------------------------------------
# Vivado v2019.2 (64-bit)
# SW Build 2708876 on Wed Nov  6 21:40:23 MST 2019
# IP Build 2700528 on Thu Nov  7 00:09:20 MST 2019
# Start of session at: Tue Dec 23 12:22:01 2025
# Process ID: 12736
# Current directory: C:/Users/NTHU-328/Downloads/Hardware_Design_Lab_Final_Project/Final_Project
# Command line: vivado.exe -gui_launcher_event rodinguilauncherevent11612 C:\Users\NTHU-328\Downloads\Hardware_Design_Lab_Final_Project\Final_Project\Final_Project.xpr
# Log file: C:/Users/NTHU-328/Downloads/Hardware_Design_Lab_Final_Project/Final_Project/vivado.log
# Journal file: C:/Users/NTHU-328/Downloads/Hardware_Design_Lab_Final_Project/Final_Project\vivado.jou
#-----------------------------------------------------------
start_gui
open_project C:/Users/NTHU-328/Downloads/Hardware_Design_Lab_Final_Project/Final_Project/Final_Project.xpr
INFO: [Project 1-313] Project file moved from 'C:/Users/USER/Desktop/3-1/Hardware_Design_Lab/Final_Project/Final_Project' since last save.
Scanning sources...
Finished scanning sources
INFO: [IP_Flow 19-234] Refreshing IP repositories
INFO: [IP_Flow 19-1704] No user IP repositories specified
INFO: [IP_Flow 19-2313] Loaded Vivado IP repository 'C:/Xilinx/Vivado/2019.2/data/ip'.
open_project: Time (s): cpu = 00:00:12 ; elapsed = 00:00:05 . Memory (MB): peak = 945.938 ; gain = 238.828
WARNING: [IP_Flow 19-4067] Ignoring invalid widget type specified checkbox.Providing a default widget
WARNING: [IP_Flow 19-4067] Ignoring invalid widget type specified checkbox.Providing a default widget
INFO: [IP_Flow 19-3484] Absolute path of file 'c:/Users/NTHU-328/Downloads/Hardware_Design_Lab_Final_Project/Pictrans/out.coe' provided. It will be converted relative to IP Instance files '../../../../../Pictrans/out.coe'
set_property -dict [list CONFIG.Write_Depth_A {78500} CONFIG.Coe_File {C:/Users/NTHU-328/Downloads/Hardware_Design_Lab_Final_Project/Pictrans/out.coe}] [get_ips blk_mem_gen_0]
INFO: [IP_Flow 19-3484] Absolute path of file 'c:/Users/NTHU-328/Downloads/Hardware_Design_Lab_Final_Project/Pictrans/out.coe' provided. It will be converted relative to IP Instance files '../../../../../Pictrans/out.coe'
generate_target all [get_files  C:/Users/NTHU-328/Downloads/Hardware_Design_Lab_Final_Project/Final_Project/Final_Project.srcs/sources_1/ip/blk_mem_gen_0/blk_mem_gen_0.xci]
INFO: [IP_Flow 19-1686] Generating 'Instantiation Template' target for IP 'blk_mem_gen_0'...
INFO: [IP_Flow 19-1686] Generating 'Synthesis' target for IP 'blk_mem_gen_0'...
INFO: [IP_Flow 19-1686] Generating 'Simulation' target for IP 'blk_mem_gen_0'...
INFO: [IP_Flow 19-1686] Generating 'Miscellaneous' target for IP 'blk_mem_gen_0'...
INFO: [IP_Flow 19-1686] Generating 'Change Log' target for IP 'blk_mem_gen_0'...
generate_target: Time (s): cpu = 00:00:07 ; elapsed = 00:00:06 . Memory (MB): peak = 1055.418 ; gain = 0.000
catch { config_ip_cache -export [get_ips -all blk_mem_gen_0] }
export_ip_user_files -of_objects [get_files C:/Users/NTHU-328/Downloads/Hardware_Design_Lab_Final_Project/Final_Project/Final_Project.srcs/sources_1/ip/blk_mem_gen_0/blk_mem_gen_0.xci] -no_script -sync -force -quiet
reset_run blk_mem_gen_0_synth_1
launch_runs -jobs 16 blk_mem_gen_0_synth_1
[Tue Dec 23 12:26:02 2025] Launched blk_mem_gen_0_synth_1...
Run output will be captured here: C:/Users/NTHU-328/Downloads/Hardware_Design_Lab_Final_Project/Final_Project/Final_Project.runs/blk_mem_gen_0_synth_1/runme.log
export_simulation -of_objects [get_files C:/Users/NTHU-328/Downloads/Hardware_Design_Lab_Final_Project/Final_Project/Final_Project.srcs/sources_1/ip/blk_mem_gen_0/blk_mem_gen_0.xci] -directory C:/Users/NTHU-328/Downloads/Hardware_Design_Lab_Final_Project/Final_Project/Final_Project.ip_user_files/sim_scripts -ip_user_files_dir C:/Users/NTHU-328/Downloads/Hardware_Design_Lab_Final_Project/Final_Project/Final_Project.ip_user_files -ipstatic_source_dir C:/Users/NTHU-328/Downloads/Hardware_Design_Lab_Final_Project/Final_Project/Final_Project.ip_user_files/ipstatic -lib_map_path [list {modelsim=C:/Users/NTHU-328/Downloads/Hardware_Design_Lab_Final_Project/Final_Project/Final_Project.cache/compile_simlib/modelsim} {questa=C:/Users/NTHU-328/Downloads/Hardware_Design_Lab_Final_Project/Final_Project/Final_Project.cache/compile_simlib/questa} {riviera=C:/Users/NTHU-328/Downloads/Hardware_Design_Lab_Final_Project/Final_Project/Final_Project.cache/compile_simlib/riviera} {activehdl=C:/Users/NTHU-328/Downloads/Hardware_Design_Lab_Final_Project/Final_Project/Final_Project.cache/compile_simlib/activehdl}] -use_ip_compiled_libs -force -quiet
reset_run synth_1
launch_runs impl_1 -to_step write_bitstream -jobs 16
[Tue Dec 23 12:30:30 2025] Launched synth_1...
Run output will be captured here: C:/Users/NTHU-328/Downloads/Hardware_Design_Lab_Final_Project/Final_Project/Final_Project.runs/synth_1/runme.log
[Tue Dec 23 12:30:30 2025] Launched impl_1...
Run output will be captured here: C:/Users/NTHU-328/Downloads/Hardware_Design_Lab_Final_Project/Final_Project/Final_Project.runs/impl_1/runme.log
open_hw_manager
connect_hw_server -allow_non_jtag
INFO: [Labtools 27-2285] Connecting to hw_server url TCP:localhost:3121
INFO: [Labtools 27-2222] Launching hw_server...
INFO: [Labtools 27-2221] Launch Output:

****** Xilinx hw_server v2019.2
  **** Build date : Nov  6 2019 at 22:12:23
    ** Copyright 1986-2019 Xilinx, Inc. All Rights Reserved.


INFO: [Labtools 27-3415] Connecting to cs_server url TCP:localhost:3042
INFO: [Labtools 27-3417] Launching cs_server...
INFO: [Labtools 27-2221] Launch Output:


****** Xilinx cs_server v2019.2.0
  **** Build date : Nov 07 2019-13:28:22
    ** Copyright 2017-2019 Xilinx, Inc. All Rights Reserved.



connect_hw_server: Time (s): cpu = 00:00:01 ; elapsed = 00:00:09 . Memory (MB): peak = 1076.398 ; gain = 0.000
open_hw_target
INFO: [Labtoolstcl 44-466] Opening hw_target localhost:3121/xilinx_tcf/Digilent/210183A6F6E6A
set_property PROGRAM.FILE {C:/Users/NTHU-328/Downloads/Hardware_Design_Lab_Final_Project/Final_Project/Final_Project.runs/impl_1/dino_top.bit} [get_hw_devices xc7a35t_0]
current_hw_device [get_hw_devices xc7a35t_0]
refresh_hw_device -update_hw_probes false [lindex [get_hw_devices xc7a35t_0] 0]
INFO: [Labtools 27-1434] Device xc7a35t (JTAG device index = 0) is programmed with a design that has no supported debug core(s) in it.
set_property PROBES.FILE {} [get_hw_devices xc7a35t_0]
set_property FULL_PROBES.FILE {} [get_hw_devices xc7a35t_0]
set_property PROGRAM.FILE {C:/Users/NTHU-328/Downloads/Hardware_Design_Lab_Final_Project/Final_Project/Final_Project.runs/impl_1/dino_top.bit} [get_hw_devices xc7a35t_0]
program_hw_devices [get_hw_devices xc7a35t_0]
INFO: [Labtools 27-3164] End of startup status: HIGH
refresh_hw_device [lindex [get_hw_devices xc7a35t_0] 0]
INFO: [Labtools 27-1434] Device xc7a35t (JTAG device index = 0) is programmed with a design that has no supported debug core(s) in it.
