#-----------------------------------------------------------
# Vivado v2019.2 (64-bit)
# SW Build 2708876 on Wed Nov  6 21:40:23 MST 2019
# IP Build 2700528 on Thu Nov  7 00:09:20 MST 2019
# Start of session at: Sun Dec 21 14:42:45 2025
# Process ID: 26264
# Current directory: C:/Users/USER/Desktop/3-1/Hardware_Design_Lab/Final_Project/Final_Project
# Command line: vivado.exe -gui_launcher_event rodinguilauncherevent31708 C:\Users\USER\Desktop\3-1\Hardware_Design_Lab\Final_Project\Final_Project\Final_Project.xpr
# Log file: C:/Users/USER/Desktop/3-1/Hardware_Design_Lab/Final_Project/Final_Project/vivado.log
# Journal file: C:/Users/USER/Desktop/3-1/Hardware_Design_Lab/Final_Project/Final_Project\vivado.jou
#-----------------------------------------------------------
start_gui
open_project C:/Users/USER/Desktop/3-1/Hardware_Design_Lab/Final_Project/Final_Project/Final_Project.xpr
INFO: [Project 1-313] Project file moved from 'C:/Users/jaylu/Desktop/Ethan/HardwareDesign_finalproject/Hardware_Design_Lab_Final_Project/Final_Project' since last save.
Scanning sources...
Finished scanning sources
INFO: [IP_Flow 19-234] Refreshing IP repositories
INFO: [IP_Flow 19-1704] No user IP repositories specified
INFO: [IP_Flow 19-2313] Loaded Vivado IP repository 'C:/Xilinx/Vivado/2019.2/data/ip'.
open_project: Time (s): cpu = 00:00:18 ; elapsed = 00:00:12 . Memory (MB): peak = 779.246 ; gain = 140.453
set_property source_mgmt_mode None [current_project]
exit
INFO: [Common 17-206] Exiting Vivado at Sun Dec 21 14:44:57 2025...
Desktop/3-1/Hardware_Design_Lab/Final_Project/Final_Project/Final_Project.xpr at line 82 : Not well formed
reset_run impl_1
reset_run synth_1
WARNING: [Vivado 12-1017] Problems encountered:
1. Process appears to be on host 'DESKTOP-LCS45AM' and cannot be killed from host 'LAPTOP-9C9D7G8P'

exit
INFO: [Common 17-206] Exiting Vivado at Sun Dec 21 14:44:53 2025...
