#-----------------------------------------------------------
# Vivado v2019.2 (64-bit)
# SW Build 2708876 on Wed Nov  6 21:40:23 MST 2019
# IP Build 2700528 on Thu Nov  7 00:09:20 MST 2019
# Start of session at: Fri Dec 19 00:04:48 2025
# Process ID: 26712
# Current directory: C:/Users/jaylu/Desktop/Ethan/HardwareDesign_finalproject/Hardware_Design_Lab_Final_Project/Final_Project
# Command line: vivado.exe -gui_launcher_event rodinguilauncherevent9536 C:\Users\jaylu\Desktop\Ethan\HardwareDesign_finalproject\Hardware_Design_Lab_Final_Project\Final_Project\Final_Project.xpr
# Log file: C:/Users/jaylu/Desktop/Ethan/HardwareDesign_finalproject/Hardware_Design_Lab_Final_Project/Final_Project/vivado.log
# Journal file: C:/Users/jaylu/Desktop/Ethan/HardwareDesign_finalproject/Hardware_Design_Lab_Final_Project/Final_Project\vivado.jou
#-----------------------------------------------------------
start_gui
open_project C:/Users/jaylu/Desktop/Ethan/HardwareDesign_finalproject/Hardware_Design_Lab_Final_Project/Final_Project/Final_Project.xpr
INFO: [ProjectBase 1-489] The host OS only allows 260 characters in a normal path. The project is stored in a path with more than 80 characters. If you experience issues with IP, Block Designs, or files not being found, please consider moving the project to a location with a shorter path. Alternately consider using the OS subst command to map part of the path to a drive letter.
Current project path is 'C:/Users/jaylu/Desktop/Ethan/HardwareDesign_finalproject/Hardware_Design_Lab_Final_Project/Final_Project'
Scanning sources...
Finished scanning sources
INFO: [IP_Flow 19-234] Refreshing IP repositories
INFO: [IP_Flow 19-1704] No user IP repositories specified
INFO: [IP_Flow 19-2313] Loaded Vivado IP repository 'E:/vivado/Vivado/2019.2/data/ip'.
open_project: Time (s): cpu = 00:00:08 ; elapsed = 00:00:06 . Memory (MB): peak = 699.289 ; gain = 99.504
update_compile_order -fileset sources_1
WARNING: [IP_Flow 19-4067] Ignoring invalid widget type specified checkbox.Providing a default widget
WARNING: [IP_Flow 19-4067] Ignoring invalid widget type specified checkbox.Providing a default widget
WARNING: [IP_Flow 19-4067] Ignoring invalid widget type specified checkbox.Providing a default widget
WARNING: [IP_Flow 19-4067] Ignoring invalid widget type specified checkbox.Providing a default widget
reset_run synth_1
launch_runs impl_1 -to_step write_bitstream -jobs 12
[Fri Dec 19 00:08:47 2025] Launched synth_1...
Run output will be captured here: C:/Users/jaylu/Desktop/Ethan/HardwareDesign_finalproject/Hardware_Design_Lab_Final_Project/Final_Project/Final_Project.runs/synth_1/runme.log
[Fri Dec 19 00:08:47 2025] Launched impl_1...
Run output will be captured here: C:/Users/jaylu/Desktop/Ethan/HardwareDesign_finalproject/Hardware_Design_Lab_Final_Project/Final_Project/Final_Project.runs/impl_1/runme.log
open_hw_manager
connect_hw_server -allow_non_jtag
INFO: [Labtools 27-2285] Connecting to hw_server url TCP:localhost:3121
INFO: [Labtools 27-2222] Launching hw_server...
INFO: [Labtools 27-2221] Launch Output:

****** Xilinx hw_server v2019.2
  **** Build date : Nov  6 2019 at 22:12:23
    ** Copyright 1986-2019 Xilinx, Inc. All Rights Reserved.


INFO: [Labtools 27-3415] Connecting to cs_server url TCP:localhost:3042
INFO: [Labtools 27-3417] Launching cs_server...
INFO: [Labtools 27-2221] Launch Output:


****** Xilinx cs_server v2019.2.0
  **** Build date : Nov 07 2019-13:28:22
    ** Copyright 2017-2019 Xilinx, Inc. All Rights Reserved.



connect_hw_server: Time (s): cpu = 00:00:01 ; elapsed = 00:00:12 . Memory (MB): peak = 793.023 ; gain = 9.777
open_hw_target
INFO: [Labtoolstcl 44-466] Opening hw_target localhost:3121/xilinx_tcf/Digilent/210183A6F6E6A
set_property PROGRAM.FILE {C:/Users/jaylu/Desktop/Ethan/HardwareDesign_finalproject/Hardware_Design_Lab_Final_Project/Final_Project/Final_Project.runs/impl_1/dino_top.bit} [get_hw_devices xc7a35t_0]
current_hw_device [get_hw_devices xc7a35t_0]
refresh_hw_device -update_hw_probes false [lindex [get_hw_devices xc7a35t_0] 0]
INFO: [Labtools 27-1435] Device xc7a35t (JTAG device index = 0) is not programmed (DONE status = 0).
set_property PROBES.FILE {} [get_hw_devices xc7a35t_0]
set_property FULL_PROBES.FILE {} [get_hw_devices xc7a35t_0]
set_property PROGRAM.FILE {C:/Users/jaylu/Desktop/Ethan/HardwareDesign_finalproject/Hardware_Design_Lab_Final_Project/Final_Project/Final_Project.runs/impl_1/dino_top.bit} [get_hw_devices xc7a35t_0]
program_hw_devices [get_hw_devices xc7a35t_0]
INFO: [Labtools 27-3164] End of startup status: HIGH
refresh_hw_device [lindex [get_hw_devices xc7a35t_0] 0]
INFO: [Labtools 27-1434] Device xc7a35t (JTAG device index = 0) is programmed with a design that has no supported debug core(s) in it.
reset_run synth_1
launch_runs impl_1 -to_step write_bitstream -jobs 12
[Fri Dec 19 00:35:13 2025] Launched synth_1...
Run output will be captured here: C:/Users/jaylu/Desktop/Ethan/HardwareDesign_finalproject/Hardware_Design_Lab_Final_Project/Final_Project/Final_Project.runs/synth_1/runme.log
[Fri Dec 19 00:35:13 2025] Launched impl_1...
Run output will be captured here: C:/Users/jaylu/Desktop/Ethan/HardwareDesign_finalproject/Hardware_Design_Lab_Final_Project/Final_Project/Final_Project.runs/impl_1/runme.log
reset_run synth_1
launch_runs impl_1 -to_step write_bitstream -jobs 12
[Fri Dec 19 00:36:50 2025] Launched synth_1...
Run output will be captured here: C:/Users/jaylu/Desktop/Ethan/HardwareDesign_finalproject/Hardware_Design_Lab_Final_Project/Final_Project/Final_Project.runs/synth_1/runme.log
[Fri Dec 19 00:36:50 2025] Launched impl_1...
Run output will be captured here: C:/Users/jaylu/Desktop/Ethan/HardwareDesign_finalproject/Hardware_Design_Lab_Final_Project/Final_Project/Final_Project.runs/impl_1/runme.log
set_property PROBES.FILE {} [get_hw_devices xc7a35t_0]
set_property FULL_PROBES.FILE {} [get_hw_devices xc7a35t_0]
set_property PROGRAM.FILE {C:/Users/jaylu/Desktop/Ethan/HardwareDesign_finalproject/Hardware_Design_Lab_Final_Project/Final_Project/Final_Project.runs/impl_1/dino_top.bit} [get_hw_devices xc7a35t_0]
program_hw_devices [get_hw_devices xc7a35t_0]
INFO: [Labtools 27-3164] End of startup status: HIGH
refresh_hw_device [lindex [get_hw_devices xc7a35t_0] 0]
INFO: [Labtools 27-1434] Device xc7a35t (JTAG device index = 0) is programmed with a design that has no supported debug core(s) in it.
reset_run synth_1
launch_runs impl_1 -to_step write_bitstream -jobs 12
[Fri Dec 19 00:51:41 2025] Launched synth_1...
Run output will be captured here: C:/Users/jaylu/Desktop/Ethan/HardwareDesign_finalproject/Hardware_Design_Lab_Final_Project/Final_Project/Final_Project.runs/synth_1/runme.log
[Fri Dec 19 00:51:41 2025] Launched impl_1...
Run output will be captured here: C:/Users/jaylu/Desktop/Ethan/HardwareDesign_finalproject/Hardware_Design_Lab_Final_Project/Final_Project/Final_Project.runs/impl_1/runme.log
reset_run synth_1
launch_runs impl_1 -to_step write_bitstream -jobs 12
[Fri Dec 19 00:53:16 2025] Launched synth_1...
Run output will be captured here: C:/Users/jaylu/Desktop/Ethan/HardwareDesign_finalproject/Hardware_Design_Lab_Final_Project/Final_Project/Final_Project.runs/synth_1/runme.log
[Fri Dec 19 00:53:16 2025] Launched impl_1...
Run output will be captured here: C:/Users/jaylu/Desktop/Ethan/HardwareDesign_finalproject/Hardware_Design_Lab_Final_Project/Final_Project/Final_Project.runs/impl_1/runme.log
set_property PROBES.FILE {} [get_hw_devices xc7a35t_0]
set_property FULL_PROBES.FILE {} [get_hw_devices xc7a35t_0]
set_property PROGRAM.FILE {C:/Users/jaylu/Desktop/Ethan/HardwareDesign_finalproject/Hardware_Design_Lab_Final_Project/Final_Project/Final_Project.runs/impl_1/dino_top.bit} [get_hw_devices xc7a35t_0]
program_hw_devices [get_hw_devices xc7a35t_0]
INFO: [Labtools 27-3164] End of startup status: HIGH
refresh_hw_device [lindex [get_hw_devices xc7a35t_0] 0]
INFO: [Labtools 27-1434] Device xc7a35t (JTAG device index = 0) is programmed with a design that has no supported debug core(s) in it.
ERROR: [Labtoolstcl 44-513] HW Target shutdown. Closing target: localhost:3121/xilinx_tcf/Digilent/210183A6F6E6A
INFO: [Labtoolstcl 44-466] Opening hw_target localhost:3121/xilinx_tcf/Digilent/210183A6F6E6A
INFO: [Labtools 27-1434] Device xc7a35t (JTAG device index = 0) is programmed with a design that has no supported debug core(s) in it.
WARNING: [Labtoolstcl 44-129] No matching hw_ila_data was found.
ERROR: [Labtoolstcl 44-513] HW Target shutdown. Closing target: localhost:3121/xilinx_tcf/Digilent/210183A6F6E6A
reset_run synth_1
launch_runs impl_1 -to_step write_bitstream -jobs 12
[Fri Dec 19 11:50:39 2025] Launched synth_1...
Run output will be captured here: C:/Users/jaylu/Desktop/Ethan/HardwareDesign_finalproject/Hardware_Design_Lab_Final_Project/Final_Project/Final_Project.runs/synth_1/runme.log
[Fri Dec 19 11:50:39 2025] Launched impl_1...
Run output will be captured here: C:/Users/jaylu/Desktop/Ethan/HardwareDesign_finalproject/Hardware_Design_Lab_Final_Project/Final_Project/Final_Project.runs/impl_1/runme.log
disconnect_hw_server localhost:3121
connect_hw_server -allow_non_jtag
INFO: [Labtools 27-2285] Connecting to hw_server url TCP:localhost:3121
INFO: [Labtools 27-3415] Connecting to cs_server url TCP:localhost:3042
INFO: [Labtools 27-3414] Connected to existing cs_server.
open_hw_target
INFO: [Labtoolstcl 44-466] Opening hw_target localhost:3121/xilinx_tcf/Digilent/210183A6F6E6A
set_property PROGRAM.FILE {C:/Users/jaylu/Desktop/Ethan/HardwareDesign_finalproject/Hardware_Design_Lab_Final_Project/Final_Project/Final_Project.runs/impl_1/dino_top.bit} [get_hw_devices xc7a35t_0]
current_hw_device [get_hw_devices xc7a35t_0]
refresh_hw_device -update_hw_probes false [lindex [get_hw_devices xc7a35t_0] 0]
INFO: [Labtools 27-1435] Device xc7a35t (JTAG device index = 0) is not programmed (DONE status = 0).
set_property PROBES.FILE {} [get_hw_devices xc7a35t_0]
set_property FULL_PROBES.FILE {} [get_hw_devices xc7a35t_0]
set_property PROGRAM.FILE {C:/Users/jaylu/Desktop/Ethan/HardwareDesign_finalproject/Hardware_Design_Lab_Final_Project/Final_Project/Final_Project.runs/impl_1/dino_top.bit} [get_hw_devices xc7a35t_0]
program_hw_devices [get_hw_devices xc7a35t_0]
INFO: [Labtools 27-3164] End of startup status: HIGH
refresh_hw_device [lindex [get_hw_devices xc7a35t_0] 0]
INFO: [Labtools 27-1434] Device xc7a35t (JTAG device index = 0) is programmed with a design that has no supported debug core(s) in it.
reset_run synth_1
launch_runs impl_1 -to_step write_bitstream -jobs 12
[Fri Dec 19 15:38:02 2025] Launched synth_1...
Run output will be captured here: C:/Users/jaylu/Desktop/Ethan/HardwareDesign_finalproject/Hardware_Design_Lab_Final_Project/Final_Project/Final_Project.runs/synth_1/runme.log
[Fri Dec 19 15:38:02 2025] Launched impl_1...
Run output will be captured here: C:/Users/jaylu/Desktop/Ethan/HardwareDesign_finalproject/Hardware_Design_Lab_Final_Project/Final_Project/Final_Project.runs/impl_1/runme.log
reset_run synth_1
launch_runs impl_1 -to_step write_bitstream -jobs 12
[Fri Dec 19 15:39:34 2025] Launched synth_1...
Run output will be captured here: C:/Users/jaylu/Desktop/Ethan/HardwareDesign_finalproject/Hardware_Design_Lab_Final_Project/Final_Project/Final_Project.runs/synth_1/runme.log
[Fri Dec 19 15:39:34 2025] Launched impl_1...
Run output will be captured here: C:/Users/jaylu/Desktop/Ethan/HardwareDesign_finalproject/Hardware_Design_Lab_Final_Project/Final_Project/Final_Project.runs/impl_1/runme.log
ERROR: [Labtoolstcl 44-513] HW Target shutdown. Closing target: localhost:3121/xilinx_tcf/Digilent/210183A6F6E6A
INFO: [Labtoolstcl 44-466] Opening hw_target localhost:3121/xilinx_tcf/Digilent/210183A6F6E6A
INFO: [Labtools 27-1434] Device xc7a35t (JTAG device index = 0) is programmed with a design that has no supported debug core(s) in it.
WARNING: [Labtoolstcl 44-129] No matching hw_ila_data was found.
set_property PROBES.FILE {} [get_hw_devices xc7a35t_0]
set_property FULL_PROBES.FILE {} [get_hw_devices xc7a35t_0]
set_property PROGRAM.FILE {C:/Users/jaylu/Desktop/Ethan/HardwareDesign_finalproject/Hardware_Design_Lab_Final_Project/Final_Project/Final_Project.runs/impl_1/dino_top.bit} [get_hw_devices xc7a35t_0]
program_hw_devices [get_hw_devices xc7a35t_0]
INFO: [Labtools 27-3164] End of startup status: HIGH
refresh_hw_device [lindex [get_hw_devices xc7a35t_0] 0]
INFO: [Labtools 27-1434] Device xc7a35t (JTAG device index = 0) is programmed with a design that has no supported debug core(s) in it.
ERROR: [Labtoolstcl 44-513] HW Target shutdown. Closing target: localhost:3121/xilinx_tcf/Digilent/210183A6F6E6A
INFO: [Labtoolstcl 44-466] Opening hw_target localhost:3121/xilinx_tcf/Digilent/210183A6F6E6A
INFO: [Labtools 27-1434] Device xc7a35t (JTAG device index = 0) is programmed with a design that has no supported debug core(s) in it.
WARNING: [Labtoolstcl 44-129] No matching hw_ila_data was found.
ERROR: [Labtoolstcl 44-513] HW Target shutdown. Closing target: localhost:3121/xilinx_tcf/Digilent/210183A6F6E6A
INFO: [Labtoolstcl 44-466] Opening hw_target localhost:3121/xilinx_tcf/Digilent/210183A6F6E6A
INFO: [Labtools 27-1434] Device xc7a35t (JTAG device index = 0) is programmed with a design that has no supported debug core(s) in it.
WARNING: [Labtoolstcl 44-129] No matching hw_ila_data was found.
set_property PROBES.FILE {} [get_hw_devices xc7a35t_0]
set_property FULL_PROBES.FILE {} [get_hw_devices xc7a35t_0]
set_property PROGRAM.FILE {C:/Users/jaylu/Desktop/Ethan/HardwareDesign_finalproject/Hardware_Design_Lab_Final_Project/Final_Project/Final_Project.runs/impl_1/dino_top.bit} [get_hw_devices xc7a35t_0]
program_hw_devices [get_hw_devices xc7a35t_0]
INFO: [Labtools 27-3164] End of startup status: HIGH
refresh_hw_device [lindex [get_hw_devices xc7a35t_0] 0]
INFO: [Labtools 27-1434] Device xc7a35t (JTAG device index = 0) is programmed with a design that has no supported debug core(s) in it.
reset_run synth_1
launch_runs impl_1 -to_step write_bitstream -jobs 12
[Fri Dec 19 16:03:23 2025] Launched synth_1...
Run output will be captured here: C:/Users/jaylu/Desktop/Ethan/HardwareDesign_finalproject/Hardware_Design_Lab_Final_Project/Final_Project/Final_Project.runs/synth_1/runme.log
[Fri Dec 19 16:03:23 2025] Launched impl_1...
Run output will be captured here: C:/Users/jaylu/Desktop/Ethan/HardwareDesign_finalproject/Hardware_Design_Lab_Final_Project/Final_Project/Final_Project.runs/impl_1/runme.log
set_property PROBES.FILE {} [get_hw_devices xc7a35t_0]
set_property FULL_PROBES.FILE {} [get_hw_devices xc7a35t_0]
set_property PROGRAM.FILE {C:/Users/jaylu/Desktop/Ethan/HardwareDesign_finalproject/Hardware_Design_Lab_Final_Project/Final_Project/Final_Project.runs/impl_1/dino_top.bit} [get_hw_devices xc7a35t_0]
program_hw_devices [get_hw_devices xc7a35t_0]
INFO: [Labtools 27-3164] End of startup status: HIGH
refresh_hw_device [lindex [get_hw_devices xc7a35t_0] 0]
INFO: [Labtools 27-1434] Device xc7a35t (JTAG device index = 0) is programmed with a design that has no supported debug core(s) in it.
ERROR: [Labtoolstcl 44-513] HW Target shutdown. Closing target: localhost:3121/xilinx_tcf/Digilent/210183A6F6E6A
INFO: [Labtoolstcl 44-466] Opening hw_target localhost:3121/xilinx_tcf/Digilent/210183A6F6E6A
INFO: [Labtools 27-1434] Device xc7a35t (JTAG device index = 0) is programmed with a design that has no supported debug core(s) in it.
WARNING: [Labtoolstcl 44-129] No matching hw_ila_data was found.
ERROR: [Labtoolstcl 44-513] HW Target shutdown. Closing target: localhost:3121/xilinx_tcf/Digilent/210183A6F6E6A
INFO: [Labtoolstcl 44-466] Opening hw_target localhost:3121/xilinx_tcf/Digilent/210183A6F6E6A
INFO: [Labtools 27-1434] Device xc7a35t (JTAG device index = 0) is programmed with a design that has no supported debug core(s) in it.
WARNING: [Labtoolstcl 44-129] No matching hw_ila_data was found.
reset_run synth_1
launch_runs impl_1 -to_step write_bitstream -jobs 12 -scripts_only
reset_run synth_1
launch_runs impl_1 -to_step write_bitstream -jobs 12
[Fri Dec 19 16:15:21 2025] Launched synth_1...
Run output will be captured here: C:/Users/jaylu/Desktop/Ethan/HardwareDesign_finalproject/Hardware_Design_Lab_Final_Project/Final_Project/Final_Project.runs/synth_1/runme.log
[Fri Dec 19 16:15:21 2025] Launched impl_1...
Run output will be captured here: C:/Users/jaylu/Desktop/Ethan/HardwareDesign_finalproject/Hardware_Design_Lab_Final_Project/Final_Project/Final_Project.runs/impl_1/runme.log
set_property PROBES.FILE {} [get_hw_devices xc7a35t_0]
set_property FULL_PROBES.FILE {} [get_hw_devices xc7a35t_0]
set_property PROGRAM.FILE {C:/Users/jaylu/Desktop/Ethan/HardwareDesign_finalproject/Hardware_Design_Lab_Final_Project/Final_Project/Final_Project.runs/impl_1/dino_top.bit} [get_hw_devices xc7a35t_0]
program_hw_devices [get_hw_devices xc7a35t_0]
INFO: [Labtools 27-3164] End of startup status: HIGH
refresh_hw_device [lindex [get_hw_devices xc7a35t_0] 0]
INFO: [Labtools 27-1434] Device xc7a35t (JTAG device index = 0) is programmed with a design that has no supported debug core(s) in it.
reset_run synth_1
launch_runs impl_1 -to_step write_bitstream -jobs 12
[Fri Dec 19 16:22:51 2025] Launched synth_1...
Run output will be captured here: C:/Users/jaylu/Desktop/Ethan/HardwareDesign_finalproject/Hardware_Design_Lab_Final_Project/Final_Project/Final_Project.runs/synth_1/runme.log
[Fri Dec 19 16:22:51 2025] Launched impl_1...
Run output will be captured here: C:/Users/jaylu/Desktop/Ethan/HardwareDesign_finalproject/Hardware_Design_Lab_Final_Project/Final_Project/Final_Project.runs/impl_1/runme.log
set_property PROBES.FILE {} [get_hw_devices xc7a35t_0]
set_property FULL_PROBES.FILE {} [get_hw_devices xc7a35t_0]
set_property PROGRAM.FILE {C:/Users/jaylu/Desktop/Ethan/HardwareDesign_finalproject/Hardware_Design_Lab_Final_Project/Final_Project/Final_Project.runs/impl_1/dino_top.bit} [get_hw_devices xc7a35t_0]
program_hw_devices [get_hw_devices xc7a35t_0]
INFO: [Labtools 27-3164] End of startup status: HIGH
refresh_hw_device [lindex [get_hw_devices xc7a35t_0] 0]
INFO: [Labtools 27-1434] Device xc7a35t (JTAG device index = 0) is programmed with a design that has no supported debug core(s) in it.
reset_run synth_1
launch_runs impl_1 -to_step write_bitstream -jobs 12
[Fri Dec 19 16:41:03 2025] Launched synth_1...
Run output will be captured here: C:/Users/jaylu/Desktop/Ethan/HardwareDesign_finalproject/Hardware_Design_Lab_Final_Project/Final_Project/Final_Project.runs/synth_1/runme.log
[Fri Dec 19 16:41:03 2025] Launched impl_1...
Run output will be captured here: C:/Users/jaylu/Desktop/Ethan/HardwareDesign_finalproject/Hardware_Design_Lab_Final_Project/Final_Project/Final_Project.runs/impl_1/runme.log
set_property PROBES.FILE {} [get_hw_devices xc7a35t_0]
set_property FULL_PROBES.FILE {} [get_hw_devices xc7a35t_0]
set_property PROGRAM.FILE {C:/Users/jaylu/Desktop/Ethan/HardwareDesign_finalproject/Hardware_Design_Lab_Final_Project/Final_Project/Final_Project.runs/impl_1/dino_top.bit} [get_hw_devices xc7a35t_0]
program_hw_devices [get_hw_devices xc7a35t_0]
INFO: [Labtools 27-3164] End of startup status: HIGH
refresh_hw_device [lindex [get_hw_devices xc7a35t_0] 0]
INFO: [Labtools 27-1434] Device xc7a35t (JTAG device index = 0) is programmed with a design that has no supported debug core(s) in it.
reset_run synth_1
launch_runs impl_1 -to_step write_bitstream -jobs 12
[Fri Dec 19 16:44:39 2025] Launched synth_1...
Run output will be captured here: C:/Users/jaylu/Desktop/Ethan/HardwareDesign_finalproject/Hardware_Design_Lab_Final_Project/Final_Project/Final_Project.runs/synth_1/runme.log
[Fri Dec 19 16:44:39 2025] Launched impl_1...
Run output will be captured here: C:/Users/jaylu/Desktop/Ethan/HardwareDesign_finalproject/Hardware_Design_Lab_Final_Project/Final_Project/Final_Project.runs/impl_1/runme.log
set_property PROBES.FILE {} [get_hw_devices xc7a35t_0]
set_property FULL_PROBES.FILE {} [get_hw_devices xc7a35t_0]
set_property PROGRAM.FILE {C:/Users/jaylu/Desktop/Ethan/HardwareDesign_finalproject/Hardware_Design_Lab_Final_Project/Final_Project/Final_Project.runs/impl_1/dino_top.bit} [get_hw_devices xc7a35t_0]
program_hw_devices [get_hw_devices xc7a35t_0]
INFO: [Labtools 27-3164] End of startup status: HIGH
refresh_hw_device [lindex [get_hw_devices xc7a35t_0] 0]
INFO: [Labtools 27-1434] Device xc7a35t (JTAG device index = 0) is programmed with a design that has no supported debug core(s) in it.
reset_run synth_1
launch_runs impl_1 -to_step write_bitstream -jobs 12
[Fri Dec 19 16:48:22 2025] Launched synth_1...
Run output will be captured here: C:/Users/jaylu/Desktop/Ethan/HardwareDesign_finalproject/Hardware_Design_Lab_Final_Project/Final_Project/Final_Project.runs/synth_1/runme.log
[Fri Dec 19 16:48:22 2025] Launched impl_1...
Run output will be captured here: C:/Users/jaylu/Desktop/Ethan/HardwareDesign_finalproject/Hardware_Design_Lab_Final_Project/Final_Project/Final_Project.runs/impl_1/runme.log
set_property PROBES.FILE {} [get_hw_devices xc7a35t_0]
set_property FULL_PROBES.FILE {} [get_hw_devices xc7a35t_0]
set_property PROGRAM.FILE {C:/Users/jaylu/Desktop/Ethan/HardwareDesign_finalproject/Hardware_Design_Lab_Final_Project/Final_Project/Final_Project.runs/impl_1/dino_top.bit} [get_hw_devices xc7a35t_0]
program_hw_devices [get_hw_devices xc7a35t_0]
INFO: [Labtools 27-3164] End of startup status: HIGH
refresh_hw_device [lindex [get_hw_devices xc7a35t_0] 0]
INFO: [Labtools 27-1434] Device xc7a35t (JTAG device index = 0) is programmed with a design that has no supported debug core(s) in it.
ERROR: [Labtoolstcl 44-513] HW Target shutdown. Closing target: localhost:3121/xilinx_tcf/Digilent/210183A6F6E6A
INFO: [Labtoolstcl 44-466] Opening hw_target localhost:3121/xilinx_tcf/Digilent/210183A6F6E6A
INFO: [Labtools 27-1434] Device xc7a35t (JTAG device index = 0) is programmed with a design that has no supported debug core(s) in it.
WARNING: [Labtoolstcl 44-129] No matching hw_ila_data was found.
reset_run synth_1
launch_runs impl_1 -to_step write_bitstream -jobs 12
[Fri Dec 19 17:08:38 2025] Launched synth_1...
Run output will be captured here: C:/Users/jaylu/Desktop/Ethan/HardwareDesign_finalproject/Hardware_Design_Lab_Final_Project/Final_Project/Final_Project.runs/synth_1/runme.log
[Fri Dec 19 17:08:38 2025] Launched impl_1...
Run output will be captured here: C:/Users/jaylu/Desktop/Ethan/HardwareDesign_finalproject/Hardware_Design_Lab_Final_Project/Final_Project/Final_Project.runs/impl_1/runme.log
set_property PROBES.FILE {} [get_hw_devices xc7a35t_0]
set_property FULL_PROBES.FILE {} [get_hw_devices xc7a35t_0]
set_property PROGRAM.FILE {C:/Users/jaylu/Desktop/Ethan/HardwareDesign_finalproject/Hardware_Design_Lab_Final_Project/Final_Project/Final_Project.runs/impl_1/dino_top.bit} [get_hw_devices xc7a35t_0]
program_hw_devices [get_hw_devices xc7a35t_0]
INFO: [Labtools 27-3164] End of startup status: HIGH
refresh_hw_device [lindex [get_hw_devices xc7a35t_0] 0]
INFO: [Labtools 27-1434] Device xc7a35t (JTAG device index = 0) is programmed with a design that has no supported debug core(s) in it.
reset_run synth_1
launch_runs impl_1 -to_step write_bitstream -jobs 12
[Fri Dec 19 17:13:23 2025] Launched synth_1...
Run output will be captured here: C:/Users/jaylu/Desktop/Ethan/HardwareDesign_finalproject/Hardware_Design_Lab_Final_Project/Final_Project/Final_Project.runs/synth_1/runme.log
[Fri Dec 19 17:13:23 2025] Launched impl_1...
Run output will be captured here: C:/Users/jaylu/Desktop/Ethan/HardwareDesign_finalproject/Hardware_Design_Lab_Final_Project/Final_Project/Final_Project.runs/impl_1/runme.log
set_property PROBES.FILE {} [get_hw_devices xc7a35t_0]
set_property FULL_PROBES.FILE {} [get_hw_devices xc7a35t_0]
set_property PROGRAM.FILE {C:/Users/jaylu/Desktop/Ethan/HardwareDesign_finalproject/Hardware_Design_Lab_Final_Project/Final_Project/Final_Project.runs/impl_1/dino_top.bit} [get_hw_devices xc7a35t_0]
program_hw_devices [get_hw_devices xc7a35t_0]
INFO: [Labtools 27-3164] End of startup status: HIGH
refresh_hw_device [lindex [get_hw_devices xc7a35t_0] 0]
INFO: [Labtools 27-1434] Device xc7a35t (JTAG device index = 0) is programmed with a design that has no supported debug core(s) in it.
reset_run synth_1
launch_runs impl_1 -to_step write_bitstream -jobs 12
[Fri Dec 19 17:17:03 2025] Launched synth_1...
Run output will be captured here: C:/Users/jaylu/Desktop/Ethan/HardwareDesign_finalproject/Hardware_Design_Lab_Final_Project/Final_Project/Final_Project.runs/synth_1/runme.log
[Fri Dec 19 17:17:03 2025] Launched impl_1...
Run output will be captured here: C:/Users/jaylu/Desktop/Ethan/HardwareDesign_finalproject/Hardware_Design_Lab_Final_Project/Final_Project/Final_Project.runs/impl_1/runme.log
set_property PROBES.FILE {} [get_hw_devices xc7a35t_0]
set_property FULL_PROBES.FILE {} [get_hw_devices xc7a35t_0]
set_property PROGRAM.FILE {C:/Users/jaylu/Desktop/Ethan/HardwareDesign_finalproject/Hardware_Design_Lab_Final_Project/Final_Project/Final_Project.runs/impl_1/dino_top.bit} [get_hw_devices xc7a35t_0]
program_hw_devices [get_hw_devices xc7a35t_0]
INFO: [Labtools 27-3164] End of startup status: HIGH
refresh_hw_device [lindex [get_hw_devices xc7a35t_0] 0]
INFO: [Labtools 27-1434] Device xc7a35t (JTAG device index = 0) is programmed with a design that has no supported debug core(s) in it.
reset_run synth_1
launch_runs impl_1 -to_step write_bitstream -jobs 12
[Fri Dec 19 17:20:44 2025] Launched synth_1...
Run output will be captured here: C:/Users/jaylu/Desktop/Ethan/HardwareDesign_finalproject/Hardware_Design_Lab_Final_Project/Final_Project/Final_Project.runs/synth_1/runme.log
[Fri Dec 19 17:20:44 2025] Launched impl_1...
Run output will be captured here: C:/Users/jaylu/Desktop/Ethan/HardwareDesign_finalproject/Hardware_Design_Lab_Final_Project/Final_Project/Final_Project.runs/impl_1/runme.log
set_property PROBES.FILE {} [get_hw_devices xc7a35t_0]
set_property FULL_PROBES.FILE {} [get_hw_devices xc7a35t_0]
set_property PROGRAM.FILE {C:/Users/jaylu/Desktop/Ethan/HardwareDesign_finalproject/Hardware_Design_Lab_Final_Project/Final_Project/Final_Project.runs/impl_1/dino_top.bit} [get_hw_devices xc7a35t_0]
program_hw_devices [get_hw_devices xc7a35t_0]
INFO: [Labtools 27-3164] End of startup status: HIGH
refresh_hw_device [lindex [get_hw_devices xc7a35t_0] 0]
INFO: [Labtools 27-1434] Device xc7a35t (JTAG device index = 0) is programmed with a design that has no supported debug core(s) in it.
reset_run synth_1
launch_runs impl_1 -to_step write_bitstream -jobs 12
[Fri Dec 19 17:24:46 2025] Launched synth_1...
Run output will be captured here: C:/Users/jaylu/Desktop/Ethan/HardwareDesign_finalproject/Hardware_Design_Lab_Final_Project/Final_Project/Final_Project.runs/synth_1/runme.log
[Fri Dec 19 17:24:47 2025] Launched impl_1...
Run output will be captured here: C:/Users/jaylu/Desktop/Ethan/HardwareDesign_finalproject/Hardware_Design_Lab_Final_Project/Final_Project/Final_Project.runs/impl_1/runme.log
set_property PROBES.FILE {} [get_hw_devices xc7a35t_0]
set_property FULL_PROBES.FILE {} [get_hw_devices xc7a35t_0]
set_property PROGRAM.FILE {C:/Users/jaylu/Desktop/Ethan/HardwareDesign_finalproject/Hardware_Design_Lab_Final_Project/Final_Project/Final_Project.runs/impl_1/dino_top.bit} [get_hw_devices xc7a35t_0]
program_hw_devices [get_hw_devices xc7a35t_0]
INFO: [Labtools 27-3164] End of startup status: HIGH
refresh_hw_device [lindex [get_hw_devices xc7a35t_0] 0]
INFO: [Labtools 27-1434] Device xc7a35t (JTAG device index = 0) is programmed with a design that has no supported debug core(s) in it.
exit
INFO: [Common 17-206] Exiting Vivado at Fri Dec 19 17:30:53 2025...
